<?xml version="1.0" encoding="UTF-8"?>
<!-- Generated by org.testng.reporters.JUnitReportReporter -->
<testsuite hostname="LTPC0K7AG1" failures="0" tests="1" name="DifferentCommand.WindowHandling" time="22.779" errors="0" timestamp="02 Oct 2019 05:11:38 GMT" skipped="0">
  <testcase classname="DifferentCommand.WindowHandling" name="OpenTwotab" time="22.779"/>
</testsuite> <!-- DifferentCommand.WindowHandling -->
