<?xml version="1.0" encoding="UTF-8"?>
<!-- Generated by org.testng.reporters.JUnitReportReporter -->
<testsuite hostname="LTPC0K7AG1" failures="0" tests="1" name="DifferentCommand.handelDropDownValue" time="22.032" errors="0" timestamp="30 Sep 2019 05:22:21 GMT" skipped="0">
  <testcase classname="DifferentCommand.handelDropDownValue" name="handelDropDown" time="22.032"/>
</testsuite> <!-- DifferentCommand.handelDropDownValue -->
