<?xml version="1.0" encoding="UTF-8"?>
<!-- Generated by org.testng.reporters.JUnitReportReporter -->
<testsuite hostname="LTPC0K7AG1" failures="0" tests="1" name="TestNg.parameterizeEx" time="0.027" errors="0" timestamp="03 Oct 2019 02:52:17 GMT" skipped="0">
  <testcase classname="TestNg.parameterizeEx" name="getDataFromExcel" time="0.027"/>
</testsuite> <!-- TestNg.parameterizeEx -->
