<?xml version="1.0" encoding="UTF-8"?>
<!-- Generated by org.testng.reporters.JUnitReportReporter -->
<testsuite hostname="LTPC0K7AG1" failures="0" tests="1" name="DifferentCommand.HandelCheckBoxAndRadioButton" time="14.385" errors="0" timestamp="30 Sep 2019 03:47:23 GMT" skipped="0">
  <testcase classname="DifferentCommand.HandelCheckBoxAndRadioButton" name="RadioButton" time="14.385"/>
</testsuite> <!-- DifferentCommand.HandelCheckBoxAndRadioButton -->
