<?xml version="1.0" encoding="UTF-8"?>
<!-- Generated by org.testng.reporters.JUnitReportReporter -->
<testsuite hostname="LTPC0K7AG1" failures="0" tests="1" name="testNg1.SessionHandling" time="11.264" errors="0" timestamp="03 Oct 2019 14:23:19 GMT" skipped="0">
  <testcase classname="testNg1.SessionHandling" name="chromeDriver1" time="11.264"/>
</testsuite> <!-- testNg1.SessionHandling -->
