<?xml version="1.0" encoding="UTF-8"?>
<!-- Generated by org.testng.reporters.JUnitReportReporter -->
<testsuite hostname="LTPC0K7AG1" failures="0" tests="1" name="DifferentCommand.FindBrokenLink" time="28.250" errors="0" timestamp="02 Oct 2019 10:00:21 GMT" skipped="0">
  <testcase classname="DifferentCommand.FindBrokenLink" name="getBrokenLink" time="28.250"/>
</testsuite> <!-- DifferentCommand.FindBrokenLink -->
