<?xml version="1.0" encoding="UTF-8"?>
<!-- Generated by org.testng.reporters.JUnitReportReporter -->
<testsuite hostname="LTPC0K7AG1" failures="0" tests="1" name="DifferentCommand.HandlingWebTable" time="23.355" errors="0" timestamp="02 Oct 2019 07:01:43 GMT" skipped="0">
  <testcase classname="DifferentCommand.HandlingWebTable" name="HandelWebTable" time="23.355"/>
</testsuite> <!-- DifferentCommand.HandlingWebTable -->
