<?xml version="1.0" encoding="UTF-8"?>
<!-- Generated by org.testng.reporters.JUnitReportReporter -->
<testsuite hostname="LTPC0K7AG1" failures="0" tests="1" name="DifferentCommand.LauchDifferentBrowser" time="14.377" errors="0" timestamp="30 Sep 2019 03:21:09 GMT" skipped="0">
  <testcase classname="DifferentCommand.LauchDifferentBrowser" name="launchChromeBrowser" time="14.377"/>
</testsuite> <!-- DifferentCommand.LauchDifferentBrowser -->
