<?xml version="1.0" encoding="UTF-8"?>
<!-- Generated by org.testng.reporters.JUnitReportReporter -->
<testsuite hostname="LTPC0K7AG1" failures="0" tests="1" name="DifferentCommand.DesiredCapabityEx" time="15.237" errors="0" timestamp="02 Oct 2019 09:33:15 GMT" skipped="0">
  <testcase classname="DifferentCommand.DesiredCapabityEx" name="JqeryToolTip" time="15.237"/>
</testsuite> <!-- DifferentCommand.DesiredCapabityEx -->
