<?xml version="1.0" encoding="UTF-8"?>
<!-- Generated by org.testng.reporters.JUnitReportReporter -->
<testsuite hostname="LTPC0K7AG1" failures="0" tests="1" name="DifferentCommand.AlertWindow" time="16.634" errors="0" timestamp="02 Oct 2019 04:49:16 GMT" skipped="0">
  <testcase classname="DifferentCommand.AlertWindow" name="Alerthandel" time="16.634"/>
</testsuite> <!-- DifferentCommand.AlertWindow -->
